<?xml version="1.0" encoding="UTF-8"?>
<testng-results skipped="0" failed="0" total="1" passed="1">
  <reporter-output>
  </reporter-output>
  <suite name="Default suite" duration-ms="70011" started-at="2019-04-29T09:05:23Z" finished-at="2019-04-29T09:06:33Z">
    <groups>
    </groups>
    <test name="Default test" duration-ms="70011" started-at="2019-04-29T09:05:23Z" finished-at="2019-04-29T09:06:33Z">
      <class name="model.autoitt">
        <test-method status="PASS" signature="uploadfile()[pri:0, instance:model.autoitt@82ba1e]" name="uploadfile" duration-ms="69549" started-at="2019-04-29T14:35:24Z" finished-at="2019-04-29T14:36:33Z">
          <reporter-output>
          </reporter-output>
        </test-method> <!-- uploadfile -->
      </class> <!-- model.autoitt -->
    </test> <!-- Default test -->
  </suite> <!-- Default suite -->
</testng-results>
